<?xml version="1.0" encoding="UTF-8"?>
<!-- Generated by org.testng.reporters.JUnitXMLReporter -->
<testsuite hostname="DESKTOP-FODNFP3" ignored="0" name="MenuTest" tests="3" failures="0" timestamp="2021-06-01T13:38:01 CEST" time="16.932" errors="0">
  <testcase name="verifyNumberOfLocations" time="6.796" classname="menuApp.tests.suites.MenuSuite"/>
  <testcase name="verifyWorkingHours" time="3.76" classname="menuApp.tests.suites.MenuSuite"/>
  <testcase name="verifyCanItemsBeAddedToCart" time="3.338" classname="menuApp.tests.suites.MenuSuite"/>
</testsuite> <!-- MenuTest -->
